<?xml version="1.0" encoding="UTF-8"?>
<!-- Generated by org.testng.reporters.JUnitReportReporter -->
<testsuite hostname="LAPTOP-KD968VD7" failures="0" tests="2" name="Test_Practise.TestDataDriven" time="13.530" errors="0" timestamp="2023-12-13T19:34:33 IST" skipped="0">
  <testcase classname="Test_Practise.TestDataDriven" name="mainTest" time="8.039"/>
  <testcase classname="Test_Practise.TestDataDriven" name="mainTest" time="5.491"/>
</testsuite> <!-- Test_Practise.TestDataDriven -->
