<?xml version="1.0" encoding="UTF-8"?>
<!-- Generated by org.testng.reporters.JUnitReportReporter -->
<testsuite hostname="LAPTOP-KD968VD7" failures="0" tests="1" name="Test_Practise.TestExtentReport" time="6.486" errors="0" timestamp="2023-11-27T16:22:36 IST" skipped="0">
  <testcase classname="Test_Practise.TestExtentReport" name="initialDemo" time="6.486"/>
</testsuite> <!-- Test_Practise.TestExtentReport -->
