<?xml version="1.0" encoding="UTF-8"?>
<!-- Generated by org.testng.reporters.JUnitReportReporter -->
<testsuite hostname="LAPTOP-KD968VD7" failures="0" tests="1" name="practise_session.TestExtentReport" time="10.507" errors="0" timestamp="2023-11-27T15:30:58 IST" skipped="0">
  <testcase classname="practise_session.TestExtentReport" name="initialDemo" time="10.507"/>
</testsuite> <!-- practise_session.TestExtentReport -->
