<?xml version="1.0" encoding="UTF-8"?>
<!-- Generated by org.testng.reporters.JUnitReportReporter -->
<testsuite hostname="LAPTOP-KD968VD7" failures="0" tests="2" name="Test_Practise.TestDataDriven" time="12.094" errors="0" timestamp="2023-11-27T21:17:41 IST" skipped="0">
  <testcase classname="Test_Practise.TestDataDriven" name="mainTest" time="5.034"/>
  <testcase classname="Test_Practise.TestDataDriven" name="mainTest" time="7.060"/>
</testsuite> <!-- Test_Practise.TestDataDriven -->
